<?xml version="1.0" encoding="UTF-8"?>
<!-- Generated by org.testng.reporters.JUnitXMLReporter -->
<testsuite hostname="DESKTOP-I0GA969" ignored="2" name="Test2" tests="5" failures="0" timestamp="23 Nov 2018 05:20:24 GMT" time="0.047" errors="0">
  <testcase name="@BeforeMethod getMethodName" time="0.0" classname="Package_1.new_TestNg_1">
    <failure type="java.lang.NullPointerException">
      <![CDATA[java.lang.NullPointerException
at Package_1.new_TestNg_1.getMethodName(new_TestNg_1.java:18)
... Removed 27 stack frames]]>
    </failure>
  </testcase> <!-- @BeforeMethod getMethodName -->
  <testcase name="@AfterMethod getStatus" time="0.0" classname="Package_1.new_TestNg_1">
    <skipped/>
  </testcase> <!-- @AfterMethod getStatus -->
  <testcase name="@BeforeMethod getMethodName" time="0.0" classname="Package_1.new_TestNg_1">
    <skipped/>
  </testcase> <!-- @BeforeMethod getMethodName -->
  <testcase name="@AfterMethod getStatus" time="0.0" classname="Package_1.new_TestNg_1">
    <skipped/>
  </testcase> <!-- @AfterMethod getStatus -->
  <testcase name="@BeforeMethod getMethodName" time="0.0" classname="Package_1.new_TestNg_1">
    <skipped/>
  </testcase> <!-- @BeforeMethod getMethodName -->
  <testcase name="@AfterMethod getStatus" time="0.0" classname="Package_1.new_TestNg_1">
    <skipped/>
  </testcase> <!-- @AfterMethod getStatus -->
  <testcase name="function_2" time="0.0" classname="Package_1.newTestNg_2"/>
  <testcase name="function_3" time="0.0" classname="Package_1.newTestNg_2"/>
  <testcase name="function_2" time="0.0" classname="Package_1.newTestNg_2">
    <skipped/>
  </testcase> <!-- function_2 -->
  <testcase name="function_3" time="0.0" classname="Package_1.newTestNg_2">
    <skipped/>
  </testcase> <!-- function_3 -->
  <testcase name="function_1" time="0.0" classname="Package_1.new_TestNg_1">
    <skipped/>
  </testcase> <!-- function_1 -->
  <testcase name="@BeforeTest setUp" time="0.0" classname="Package_1.newTestNg_2">
    <ignored/>
  </testcase> <!-- @BeforeTest setUp -->
  <testcase name="@AfterTest tearDown" time="0.0" classname="Package_1.newTestNg_2">
    <ignored/>
  </testcase> <!-- @AfterTest tearDown -->
</testsuite> <!-- Test2 -->
